<?xml version="1.0" encoding="UTF-8"?>
<testsuite xmlns:xsi="http://www.w3.org/2001/XMLSchema-instance" xsi:noNamespaceSchemaLocation="https://maven.apache.org/surefire/maven-surefire-plugin/xsd/surefire-test-report-3.0.xsd" version="3.0" name="TestSuite" time="5.67" tests="11" errors="0" skipped="9" failures="2">
  <properties>
[...]
</properties>
  <testcase name="Setup" classname="com.atipune.pom.testpages.MyAccountsPageTests" time="4.823">
    <failure message="The driver executable does not exist: D:\Sep_Mrng_2021_JavaAutomation\POM\drivers\chromedriver.exe" type="java.lang.IllegalStateException"><![CDATA[java.lang.IllegalStateException: The driver executable does not exist: D:\Sep_Mrng_2021_JavaAutomation\POM\drivers\chromedriver.exe
	at com.atipune.pom.testpages.MyAccountsPageTests.Setup(MyAccountsPageTests.java:22)
]]></failure>
  </testcase>
  <testcase name="verifyloginToMyAccount" classname="com.atipune.pom.testpages.MyAccountsPageTests" time="0">
    <skipped message="The driver executable does not exist: D:\Sep_Mrng_2021_JavaAutomation\POM\drivers\chromedriver.exe"/>
  </testcase>
  <testcase name="verfiyLogoutToMyAccount" classname="com.atipune.pom.testpages.MyAccountsPageTests" time="0">
    <skipped message="The driver executable does not exist: D:\Sep_Mrng_2021_JavaAutomation\POM\drivers\chromedriver.exe"/>
  </testcase>
  <testcase name="tearDown" classname="com.atipune.pom.testpages.MyAccountsPageTests" time="0">
    <skipped/>
  </testcase>
  <testcase name="Setup" classname="com.atipune.pom.testpages.HomePageTests" time="0.008">
    <failure message="The driver executable does not exist: D:\Sep_Mrng_2021_JavaAutomation\POM\drivers\chromedriver.exe" type="java.lang.IllegalStateException"><![CDATA[java.lang.IllegalStateException: The driver executable does not exist: D:\Sep_Mrng_2021_JavaAutomation\POM\drivers\chromedriver.exe
	at com.atipune.pom.testpages.HomePageTests.Setup(HomePageTests.java:22)
]]></failure>
  </testcase>
  <testcase name="verifyHomePageTitle" classname="com.atipune.pom.testpages.HomePageTests" time="0">
    <skipped message="The driver executable does not exist: D:\Sep_Mrng_2021_JavaAutomation\POM\drivers\chromedriver.exe"/>
  </testcase>
  <testcase name="verifyNewArrivalsDisplayed" classname="com.atipune.pom.testpages.HomePageTests" time="0">
    <skipped message="The driver executable does not exist: D:\Sep_Mrng_2021_JavaAutomation\POM\drivers\chromedriver.exe"/>
  </testcase>
  <testcase name="verifyFirstBookTitle" classname="com.atipune.pom.testpages.HomePageTests" time="0">
    <skipped message="The driver executable does not exist: D:\Sep_Mrng_2021_JavaAutomation\POM\drivers\chromedriver.exe"/>
  </testcase>
  <testcase name="verifySecondBookTitle" classname="com.atipune.pom.testpages.HomePageTests" time="0">
    <skipped message="The driver executable does not exist: D:\Sep_Mrng_2021_JavaAutomation\POM\drivers\chromedriver.exe"/>
  </testcase>
  <testcase name="verifyThrirdBookTitle" classname="com.atipune.pom.testpages.HomePageTests" time="0">
    <skipped message="The driver executable does not exist: D:\Sep_Mrng_2021_JavaAutomation\POM\drivers\chromedriver.exe"/>
  </testcase>
  <testcase name="tearDown" classname="com.atipune.pom.testpages.HomePageTests" time="0">
    <skipped/>
  </testcase>
</testsuite>